<?xml version="1.0" encoding="UTF-8"?>
<testsuite name="Run on Headless Chrome"
           tests="5"
           failures="0"
           errors="0"
           skipped="0"
           time="8.776">
  <properties />
  
  
            <testcase name="TC_03_UserID_Incorrect" time="1.487" classname="bank.guru.user.LoginUser" />
                <testcase name="TC_02_Password_Blank" time="0.485" classname="bank.guru.user.LoginUser" />
                <testcase name="TC_05_Login_Successfully" time="3.399" classname="bank.guru.user.LoginUser" />
                <testcase name="TC_01_UserID_Blank" time="1.036" classname="bank.guru.user.LoginUser" />
                <testcase name="TC_04_Password_Incorrect" time="2.369" classname="bank.guru.user.LoginUser" />
      
</testsuite>
