<?xml version="1.0" encoding="UTF-8"?>
<testng-results ignored="0" total="1" passed="1" failed="0" skipped="0">
  <reporter-output>
    <line>
      <![CDATA[[2023-11-02 18:53:21,915 INFO bank.guru.user.Manager] - Enter the correct email
]]>
    </line>
    <line>
      <![CDATA[[2023-11-02 18:53:22,058 INFO bank.guru.user.Manager] - Enter the password
]]>
    </line>
    <line>
      <![CDATA[[2023-11-02 18:53:22,146 INFO bank.guru.user.Manager] - Click on the button Login
]]>
    </line>
    <line>
      <![CDATA[[2023-11-02 18:53:23,555 INFO bank.guru.user.Manager] - Enter the correct value in the Customer Name field
]]>
    </line>
    <line>
      <![CDATA[[2023-11-02 18:53:26,834 INFO bank.guru.user.Manager] - Enter the correct value in the Date of Birth field
]]>
    </line>
    <line>
      <![CDATA[[2023-11-02 18:53:26,921 INFO bank.guru.user.Manager] - Enter the correct value in the Address field
]]>
    </line>
    <line>
      <![CDATA[[2023-11-02 18:53:27,022 INFO bank.guru.user.Manager] - Enter the correct value in the City field
]]>
    </line>
    <line>
      <![CDATA[[2023-11-02 18:53:27,105 INFO bank.guru.user.Manager] - Enter the correct value in the State field
]]>
    </line>
    <line>
      <![CDATA[[2023-11-02 18:53:27,179 INFO bank.guru.user.Manager] - Enter the correct value in the PIN field
]]>
    </line>
    <line>
      <![CDATA[[2023-11-02 18:53:27,254 INFO bank.guru.user.Manager] - Enter the correct value in the Mobile Number field
]]>
    </line>
    <line>
      <![CDATA[[2023-11-02 18:53:27,342 INFO bank.guru.user.Manager] - Enter the correct value in the E-mail field
]]>
    </line>
    <line>
      <![CDATA[[2023-11-02 18:53:27,456 INFO bank.guru.user.Manager] - Enter the correct value in the Password field
]]>
    </line>
    <line>
      <![CDATA[[2023-11-02 18:53:27,531 INFO bank.guru.user.Manager] - Click button Submit
]]>
    </line>
    <line>
      <![CDATA[[2023-11-02 18:53:28,553 INFO bank.guru.user.Manager] - Verify text successful
]]>
    </line>
    <line>
      <![CDATA[[2023-11-02 18:53:28,590 INFO bank.guru.user.Manager] - Verify text value
]]>
    </line>
  </reporter-output>
  <suite started-at="2023-11-02T09:52:57Z" name="NopCommerce-User" finished-at="2023-11-02T09:53:28Z" duration-ms="31165">
    <groups>
    </groups>
    <test started-at="2023-11-02T09:52:57Z" name="Run on Headless Chrome" finished-at="2023-11-02T09:53:28Z" duration-ms="31165">
      <class name="bank.guru.user.Manager">
        <test-method is-config="true" signature="initBeforeSuite()[pri:0, instance:bank.guru.user.Manager@72456279]" started-at="2023-11-02T09:52:57Z" name="initBeforeSuite" finished-at="2023-11-02T09:52:57Z" duration-ms="32" status="PASS">
          <reporter-output>
          </reporter-output>
        </test-method> <!-- initBeforeSuite -->
        <test-method is-config="true" signature="beforeClass(java.lang.String)[pri:0, instance:bank.guru.user.Manager@72456279]" started-at="2023-11-02T09:52:57Z" name="beforeClass" finished-at="2023-11-02T09:53:23Z" duration-ms="25526" status="PASS">
          <params>
            <param index="0">
              <value>
                <![CDATA[chrome]]>
              </value>
            </param>
          </params>
          <reporter-output>
            <line>
              <![CDATA[[2023-11-02 18:53:21,915 INFO bank.guru.user.Manager] - Enter the correct email
]]>
            </line>
            <line>
              <![CDATA[[2023-11-02 18:53:22,058 INFO bank.guru.user.Manager] - Enter the password
]]>
            </line>
            <line>
              <![CDATA[[2023-11-02 18:53:22,146 INFO bank.guru.user.Manager] - Click on the button Login
]]>
            </line>
          </reporter-output>
        </test-method> <!-- beforeClass -->
        <test-method signature="TC_37_Register_Successful()[pri:0, instance:bank.guru.user.Manager@72456279]" started-at="2023-11-02T09:53:23Z" name="TC_37_Register_Successful" finished-at="2023-11-02T09:53:28Z" duration-ms="5519" status="PASS">
          <reporter-output>
            <line>
              <![CDATA[[2023-11-02 18:53:23,555 INFO bank.guru.user.Manager] - Enter the correct value in the Customer Name field
]]>
            </line>
            <line>
              <![CDATA[[2023-11-02 18:53:26,834 INFO bank.guru.user.Manager] - Enter the correct value in the Date of Birth field
]]>
            </line>
            <line>
              <![CDATA[[2023-11-02 18:53:26,921 INFO bank.guru.user.Manager] - Enter the correct value in the Address field
]]>
            </line>
            <line>
              <![CDATA[[2023-11-02 18:53:27,022 INFO bank.guru.user.Manager] - Enter the correct value in the City field
]]>
            </line>
            <line>
              <![CDATA[[2023-11-02 18:53:27,105 INFO bank.guru.user.Manager] - Enter the correct value in the State field
]]>
            </line>
            <line>
              <![CDATA[[2023-11-02 18:53:27,179 INFO bank.guru.user.Manager] - Enter the correct value in the PIN field
]]>
            </line>
            <line>
              <![CDATA[[2023-11-02 18:53:27,254 INFO bank.guru.user.Manager] - Enter the correct value in the Mobile Number field
]]>
            </line>
            <line>
              <![CDATA[[2023-11-02 18:53:27,342 INFO bank.guru.user.Manager] - Enter the correct value in the E-mail field
]]>
            </line>
            <line>
              <![CDATA[[2023-11-02 18:53:27,456 INFO bank.guru.user.Manager] - Enter the correct value in the Password field
]]>
            </line>
            <line>
              <![CDATA[[2023-11-02 18:53:27,531 INFO bank.guru.user.Manager] - Click button Submit
]]>
            </line>
            <line>
              <![CDATA[[2023-11-02 18:53:28,553 INFO bank.guru.user.Manager] - Verify text successful
]]>
            </line>
            <line>
              <![CDATA[[2023-11-02 18:53:28,590 INFO bank.guru.user.Manager] - Verify text value
]]>
            </line>
          </reporter-output>
        </test-method> <!-- TC_37_Register_Successful -->
        <test-method is-config="true" signature="afterClass()[pri:0, instance:bank.guru.user.Manager@72456279]" started-at="2023-11-02T09:53:28Z" name="afterClass" finished-at="2023-11-02T09:53:28Z" duration-ms="1" status="PASS">
          <reporter-output>
          </reporter-output>
        </test-method> <!-- afterClass -->
      </class> <!-- bank.guru.user.Manager -->
    </test> <!-- Run on Headless Chrome -->
  </suite> <!-- NopCommerce-User -->
</testng-results>
