<?xml version="1.0" encoding="UTF-8"?>
<testng-results ignored="0" total="1" passed="1" failed="0" skipped="0">
  <reporter-output>
    <line>
      <![CDATA[[2023-11-01 21:40:00,722 INFO bank.guru.user.Manager] - Enter the correct email
]]>
    </line>
    <line>
      <![CDATA[[2023-11-01 21:40:00,995 INFO bank.guru.user.Manager] - Enter the password
]]>
    </line>
    <line>
      <![CDATA[[2023-11-01 21:40:01,094 INFO bank.guru.user.Manager] - Click on the button Login
]]>
    </line>
    <line>
      <![CDATA[[2023-11-01 21:40:02,158 INFO bank.guru.user.Manager] - Verify text success
]]>
    </line>
    <line>
      <![CDATA[[2023-11-01 21:40:02,816 INFO bank.guru.user.Manager] - Enter First character as blank space
]]>
    </line>
    <line>
      <![CDATA[[2023-11-01 21:40:02,923 INFO bank.guru.user.Manager] - Do not enter a value in Date of Birth field
]]>
    </line>
    <line>
      <![CDATA[[2023-11-01 21:40:03,023 INFO bank.guru.user.Manager] - Click button Tab
]]>
    </line>
    <line>
      <![CDATA[[2023-11-01 21:40:03,355 INFO bank.guru.user.Manager] - Verify error message
]]>
    </line>
    <line>
      <![CDATA[[2023-11-01 21:40:03,520 INFO bank.guru.user.Manager] - OS name = windows 11
]]>
    </line>
    <line>
      <![CDATA[[2023-11-01 21:40:03,520 INFO bank.guru.user.Manager] - Driver instance name = chromedriver: chrome on windows (1991757bb8262a2da8b0a83ba6b49eba)
]]>
    </line>
  </reporter-output>
  <suite started-at="2023-11-01T12:39:36Z" name="NopCommerce-User" finished-at="2023-11-01T12:40:03Z" duration-ms="27327">
    <groups>
    </groups>
    <test started-at="2023-11-01T12:39:36Z" name="Run on Headless Chrome" finished-at="2023-11-01T12:40:03Z" duration-ms="27327">
      <class name="bank.guru.user.Manager">
        <test-method is-config="true" signature="initBeforeSuite()[pri:0, instance:bank.guru.user.Manager@59901c4d]" started-at="2023-11-01T12:39:36Z" name="initBeforeSuite" finished-at="2023-11-01T12:39:36Z" duration-ms="33" status="PASS">
          <reporter-output>
          </reporter-output>
        </test-method> <!-- initBeforeSuite -->
        <test-method is-config="true" signature="beforeClass(java.lang.String)[pri:0, instance:bank.guru.user.Manager@59901c4d]" started-at="2023-11-01T12:39:36Z" name="beforeClass" finished-at="2023-11-01T12:40:02Z" duration-ms="25638" status="PASS">
          <params>
            <param index="0">
              <value>
                <![CDATA[chrome]]>
              </value>
            </param>
          </params>
          <reporter-output>
            <line>
              <![CDATA[[2023-11-01 21:40:00,722 INFO bank.guru.user.Manager] - Enter the correct email
]]>
            </line>
            <line>
              <![CDATA[[2023-11-01 21:40:00,995 INFO bank.guru.user.Manager] - Enter the password
]]>
            </line>
            <line>
              <![CDATA[[2023-11-01 21:40:01,094 INFO bank.guru.user.Manager] - Click on the button Login
]]>
            </line>
            <line>
              <![CDATA[[2023-11-01 21:40:02,158 INFO bank.guru.user.Manager] - Verify text success
]]>
            </line>
          </reporter-output>
        </test-method> <!-- beforeClass -->
        <test-method signature="TC_07_Date_Of_Birth_Blank()[pri:0, instance:bank.guru.user.Manager@59901c4d]" started-at="2023-11-01T12:40:02Z" name="TC_07_Date_Of_Birth_Blank" finished-at="2023-11-01T12:40:03Z" duration-ms="1238" status="PASS">
          <reporter-output>
            <line>
              <![CDATA[[2023-11-01 21:40:02,816 INFO bank.guru.user.Manager] - Enter First character as blank space
]]>
            </line>
            <line>
              <![CDATA[[2023-11-01 21:40:02,923 INFO bank.guru.user.Manager] - Do not enter a value in Date of Birth field
]]>
            </line>
            <line>
              <![CDATA[[2023-11-01 21:40:03,023 INFO bank.guru.user.Manager] - Click button Tab
]]>
            </line>
            <line>
              <![CDATA[[2023-11-01 21:40:03,355 INFO bank.guru.user.Manager] - Verify error message
]]>
            </line>
          </reporter-output>
        </test-method> <!-- TC_07_Date_Of_Birth_Blank -->
        <test-method is-config="true" signature="afterClass()[pri:0, instance:bank.guru.user.Manager@59901c4d]" started-at="2023-11-01T12:40:03Z" name="afterClass" finished-at="2023-11-01T12:40:03Z" duration-ms="307" status="PASS">
          <reporter-output>
            <line>
              <![CDATA[[2023-11-01 21:40:03,520 INFO bank.guru.user.Manager] - OS name = windows 11
]]>
            </line>
            <line>
              <![CDATA[[2023-11-01 21:40:03,520 INFO bank.guru.user.Manager] - Driver instance name = chromedriver: chrome on windows (1991757bb8262a2da8b0a83ba6b49eba)
]]>
            </line>
          </reporter-output>
        </test-method> <!-- afterClass -->
      </class> <!-- bank.guru.user.Manager -->
    </test> <!-- Run on Headless Chrome -->
  </suite> <!-- NopCommerce-User -->
</testng-results>
